{"C:\\laragon\\www\\eigen-backend-test\\src\\app.ts": {"path":"C:\\laragon\\www\\eigen-backend-test\\src\\app.ts","statementMap":{"0":{"start":{"line":2,"column":0},"end":{"line":2,"column":30}},"1":{"start":{"line":3,"column":0},"end":{"line":3,"column":37}},"2":{"start":{"line":4,"column":0},"end":{"line":4,"column":30}},"3":{"start":{"line":5,"column":0},"end":{"line":5,"column":37}},"4":{"start":{"line":8,"column":18},"end":{"line":8,"column":47}},"5":{"start":{"line":9,"column":20},"end":{"line":9,"column":47}},"6":{"start":{"line":12,"column":12},"end":{"line":12,"column":21}},"7":{"start":{"line":13,"column":13},"end":{"line":13,"column":37}},"8":{"start":{"line":15,"column":0},"end":{"line":15,"column":68}},"9":{"start":{"line":18,"column":0},"end":{"line":18,"column":27}},"10":{"start":{"line":19,"column":0},"end":{"line":19,"column":24}},"11":{"start":{"line":22,"column":27},"end":{"line":32,"column":1}},"12":{"start":{"line":23,"column":4},"end":{"line":31,"column":11}},"13":{"start":{"line":25,"column":12},"end":{"line":27,"column":15}},"14":{"start":{"line":26,"column":16},"end":{"line":26,"column":77}},"15":{"start":{"line":30,"column":12},"end":{"line":30,"column":71}},"16":{"start":{"line":22,"column":13},"end":{"line":22,"column":27}},"17":{"start":{"line":35,"column":0},"end":{"line":35,"column":19}}},"fnMap":{"0":{"name":"(anonymous_1)","decl":{"start":{"line":22,"column":27},"end":{"line":22,"column":30}},"loc":{"start":{"line":22,"column":32},"end":{"line":32,"column":1}}},"1":{"name":"(anonymous_2)","decl":{"start":{"line":24,"column":14},"end":{"line":24,"column":17}},"loc":{"start":{"line":24,"column":19},"end":{"line":28,"column":9}}},"2":{"name":"(anonymous_3)","decl":{"start":{"line":25,"column":29},"end":{"line":25,"column":32}},"loc":{"start":{"line":25,"column":34},"end":{"line":27,"column":13}}},"3":{"name":"(anonymous_4)","decl":{"start":{"line":29,"column":15},"end":{"line":29,"column":16}},"loc":{"start":{"line":29,"column":25},"end":{"line":31,"column":9}}}},"branchMap":{"0":{"loc":{"start":{"line":13,"column":13},"end":{"line":13,"column":37}},"type":"binary-expr","locations":[{"start":{"line":13,"column":13},"end":{"line":13,"column":29}},{"start":{"line":13,"column":33},"end":{"line":13,"column":37}}]}},"s":{"0":1,"1":1,"2":1,"3":1,"4":1,"5":1,"6":1,"7":1,"8":1,"9":1,"10":1,"11":1,"12":0,"13":0,"14":0,"15":0,"16":1,"17":1},"f":{"0":0,"1":0,"2":0,"3":0},"b":{"0":[1,1]}}
,"C:\\laragon\\www\\eigen-backend-test\\src\\config\\database.ts": {"path":"C:\\laragon\\www\\eigen-backend-test\\src\\config\\database.ts","statementMap":{"0":{"start":{"line":2,"column":0},"end":{"line":2,"column":38}},"1":{"start":{"line":4,"column":18},"end":{"line":7,"column":2}},"2":{"start":{"line":9,"column":0},"end":{"line":9,"column":25}}},"fnMap":{},"branchMap":{},"s":{"0":1,"1":1,"2":1},"f":{},"b":{}}
,"C:\\laragon\\www\\eigen-backend-test\\src\\config\\swagger.ts": {"path":"C:\\laragon\\www\\eigen-backend-test\\src\\config\\swagger.ts","statementMap":{"0":{"start":{"line":2,"column":21},"end":{"line":2,"column":45}},"1":{"start":{"line":4,"column":23},"end":{"line":19,"column":2}},"2":{"start":{"line":21,"column":0},"end":{"line":21,"column":46}}},"fnMap":{},"branchMap":{},"s":{"0":1,"1":1,"2":1},"f":{},"b":{}}
,"C:\\laragon\\www\\eigen-backend-test\\src\\controllers\\bookController.ts": {"path":"C:\\laragon\\www\\eigen-backend-test\\src\\controllers\\bookController.ts","statementMap":{"0":{"start":{"line":3,"column":0},"end":{"line":3,"column":39}},"1":{"start":{"line":51,"column":4},"end":{"line":59,"column":6}},"2":{"start":{"line":51,"column":56},"end":{"line":59,"column":6}},"3":{"start":{"line":52,"column":8},"end":{"line":58,"column":9}},"4":{"start":{"line":53,"column":26},"end":{"line":53,"column":46}},"5":{"start":{"line":54,"column":31},"end":{"line":54,"column":79}},"6":{"start":{"line":54,"column":59},"end":{"line":54,"column":75}},"7":{"start":{"line":55,"column":12},"end":{"line":55,"column":100}},"8":{"start":{"line":57,"column":12},"end":{"line":57,"column":94}},"9":{"start":{"line":129,"column":4},"end":{"line":136,"column":6}},"10":{"start":{"line":129,"column":55},"end":{"line":136,"column":6}},"11":{"start":{"line":130,"column":8},"end":{"line":135,"column":9}},"12":{"start":{"line":131,"column":25},"end":{"line":131,"column":52}},"13":{"start":{"line":132,"column":12},"end":{"line":132,"column":84}},"14":{"start":{"line":134,"column":12},"end":{"line":134,"column":144}},"15":{"start":{"line":7,"column":22},"end":{"line":7,"column":102}},"16":{"start":{"line":8,"column":8},"end":{"line":8,"column":42}},"17":{"start":{"line":139,"column":0},"end":{"line":139,"column":36}}},"fnMap":{"0":{"name":"(anonymous_8)","decl":{"start":{"line":5,"column":0},"end":{"line":5,"column":6}},"loc":{"start":{"line":5,"column":0},"end":{"line":137,"column":1}}},"1":{"name":"(anonymous_9)","decl":{"start":{"line":51,"column":18},"end":{"line":51,"column":25}},"loc":{"start":{"line":51,"column":56},"end":{"line":59,"column":6}}},"2":{"name":"(anonymous_10)","decl":{"start":{"line":51,"column":56},"end":{"line":51,"column":null}},"loc":{"start":{"line":51,"column":56},"end":{"line":59,"column":5}}},"3":{"name":"(anonymous_11)","decl":{"start":{"line":54,"column":44},"end":{"line":54,"column":45}},"loc":{"start":{"line":54,"column":59},"end":{"line":54,"column":75}}},"4":{"name":"(anonymous_12)","decl":{"start":{"line":129,"column":17},"end":{"line":129,"column":24}},"loc":{"start":{"line":129,"column":55},"end":{"line":136,"column":6}}},"5":{"name":"(anonymous_13)","decl":{"start":{"line":129,"column":55},"end":{"line":129,"column":null}},"loc":{"start":{"line":129,"column":55},"end":{"line":136,"column":5}}},"6":{"name":"(anonymous_14)","decl":{"start":{"line":6,"column":12},"end":{"line":6,"column":26}},"loc":{"start":{"line":6,"column":138},"end":{"line":9,"column":5}}}},"branchMap":{"0":{"loc":{"start":{"line":134,"column":84},"end":{"line":134,"column":140}},"type":"cond-expr","locations":[{"start":{"line":134,"column":109},"end":{"line":134,"column":122}},{"start":{"line":134,"column":125},"end":{"line":134,"column":140}}]},"1":{"loc":{"start":{"line":6,"column":93},"end":{"line":6,"column":109}},"type":"default-arg","locations":[{"start":{"line":6,"column":105},"end":{"line":6,"column":109}}]},"2":{"loc":{"start":{"line":6,"column":111},"end":{"line":6,"column":138}},"type":"default-arg","locations":[{"start":{"line":6,"column":134},"end":{"line":6,"column":138}}]},"3":{"loc":{"start":{"line":7,"column":49},"end":{"line":7,"column":65}},"type":"binary-expr","locations":[{"start":{"line":7,"column":49},"end":{"line":7,"column":53}},{"start":{"line":7,"column":57},"end":{"line":7,"column":65}}]},"4":{"loc":{"start":{"line":7,"column":72},"end":{"line":7,"column":99}},"type":"binary-expr","locations":[{"start":{"line":7,"column":72},"end":{"line":7,"column":86}},{"start":{"line":7,"column":90},"end":{"line":7,"column":99}}]}},"s":{"0":1,"1":1,"2":1,"3":1,"4":1,"5":1,"6":5,"7":1,"8":0,"9":1,"10":0,"11":0,"12":0,"13":0,"14":0,"15":1,"16":1,"17":1},"f":{"0":1,"1":1,"2":1,"3":5,"4":0,"5":0,"6":1},"b":{"0":[0,0],"1":[0],"2":[0],"3":[1,1],"4":[1,1]}}
,"C:\\laragon\\www\\eigen-backend-test\\src\\controllers\\borrowController.ts": {"path":"C:\\laragon\\www\\eigen-backend-test\\src\\controllers\\borrowController.ts","statementMap":{"0":{"start":{"line":3,"column":0},"end":{"line":3,"column":43}},"1":{"start":{"line":4,"column":0},"end":{"line":4,"column":52}},"2":{"start":{"line":59,"column":4},"end":{"line":66,"column":6}},"3":{"start":{"line":59,"column":58},"end":{"line":66,"column":6}},"4":{"start":{"line":60,"column":8},"end":{"line":65,"column":9}},"5":{"start":{"line":61,"column":28},"end":{"line":61,"column":56}},"6":{"start":{"line":62,"column":12},"end":{"line":62,"column":97}},"7":{"start":{"line":64,"column":12},"end":{"line":64,"column":41}},"8":{"start":{"line":118,"column":4},"end":{"line":126,"column":6}},"9":{"start":{"line":118,"column":55},"end":{"line":126,"column":6}},"10":{"start":{"line":119,"column":41},"end":{"line":119,"column":49}},"11":{"start":{"line":120,"column":8},"end":{"line":125,"column":9}},"12":{"start":{"line":121,"column":27},"end":{"line":121,"column":72}},"13":{"start":{"line":122,"column":12},"end":{"line":122,"column":87}},"14":{"start":{"line":124,"column":12},"end":{"line":124,"column":41}},"15":{"start":{"line":178,"column":4},"end":{"line":186,"column":6}},"16":{"start":{"line":178,"column":55},"end":{"line":186,"column":6}},"17":{"start":{"line":179,"column":41},"end":{"line":179,"column":49}},"18":{"start":{"line":180,"column":8},"end":{"line":185,"column":9}},"19":{"start":{"line":181,"column":27},"end":{"line":181,"column":72}},"20":{"start":{"line":182,"column":12},"end":{"line":182,"column":87}},"21":{"start":{"line":184,"column":12},"end":{"line":184,"column":41}},"22":{"start":{"line":8,"column":8},"end":{"line":8,"column":77}},"23":{"start":{"line":12,"column":8},"end":{"line":16,"column":9}},"24":{"start":{"line":13,"column":12},"end":{"line":13,"column":84}},"25":{"start":{"line":15,"column":12},"end":{"line":15,"column":82}},"26":{"start":{"line":189,"column":0},"end":{"line":189,"column":38}}},"fnMap":{"0":{"name":"(anonymous_8)","decl":{"start":{"line":6,"column":0},"end":{"line":6,"column":6}},"loc":{"start":{"line":6,"column":0},"end":{"line":187,"column":1}}},"1":{"name":"(anonymous_9)","decl":{"start":{"line":59,"column":20},"end":{"line":59,"column":27}},"loc":{"start":{"line":59,"column":58},"end":{"line":66,"column":6}}},"2":{"name":"(anonymous_10)","decl":{"start":{"line":59,"column":58},"end":{"line":59,"column":null}},"loc":{"start":{"line":59,"column":58},"end":{"line":66,"column":5}}},"3":{"name":"(anonymous_11)","decl":{"start":{"line":118,"column":17},"end":{"line":118,"column":24}},"loc":{"start":{"line":118,"column":55},"end":{"line":126,"column":6}}},"4":{"name":"(anonymous_12)","decl":{"start":{"line":118,"column":55},"end":{"line":118,"column":null}},"loc":{"start":{"line":118,"column":55},"end":{"line":126,"column":5}}},"5":{"name":"(anonymous_13)","decl":{"start":{"line":178,"column":17},"end":{"line":178,"column":24}},"loc":{"start":{"line":178,"column":55},"end":{"line":186,"column":6}}},"6":{"name":"(anonymous_14)","decl":{"start":{"line":178,"column":55},"end":{"line":178,"column":null}},"loc":{"start":{"line":178,"column":55},"end":{"line":186,"column":5}}},"7":{"name":"(anonymous_15)","decl":{"start":{"line":7,"column":12},"end":{"line":7,"column":26}},"loc":{"start":{"line":7,"column":109},"end":{"line":9,"column":5}}},"8":{"name":"(anonymous_16)","decl":{"start":{"line":11,"column":12},"end":{"line":11,"column":23}},"loc":{"start":{"line":11,"column":53},"end":{"line":17,"column":5}}}},"branchMap":{"0":{"loc":{"start":{"line":7,"column":93},"end":{"line":7,"column":109}},"type":"default-arg","locations":[{"start":{"line":7,"column":105},"end":{"line":7,"column":109}}]},"1":{"loc":{"start":{"line":8,"column":56},"end":{"line":8,"column":72}},"type":"binary-expr","locations":[{"start":{"line":8,"column":56},"end":{"line":8,"column":60}},{"start":{"line":8,"column":64},"end":{"line":8,"column":72}}]},"2":{"loc":{"start":{"line":12,"column":8},"end":{"line":16,"column":9}},"type":"if","locations":[{"start":{"line":12,"column":8},"end":{"line":16,"column":9}},{"start":{"line":14,"column":15},"end":{"line":16,"column":9}}]},"3":{"loc":{"start":{"line":13,"column":64},"end":{"line":13,"column":82}},"type":"binary-expr","locations":[{"start":{"line":13,"column":64},"end":{"line":13,"column":74}},{"start":{"line":13,"column":78},"end":{"line":13,"column":82}}]}},"s":{"0":1,"1":1,"2":1,"3":3,"4":3,"5":3,"6":3,"7":0,"8":1,"9":8,"10":8,"11":8,"12":8,"13":3,"14":5,"15":1,"16":3,"17":3,"18":3,"19":3,"20":2,"21":1,"22":14,"23":6,"24":6,"25":0,"26":1},"f":{"0":1,"1":3,"2":3,"3":8,"4":8,"5":3,"6":3,"7":14,"8":6},"b":{"0":[0],"1":[14,10],"2":[6,0],"3":[6,4]}}
,"C:\\laragon\\www\\eigen-backend-test\\src\\controllers\\memberController.ts": {"path":"C:\\laragon\\www\\eigen-backend-test\\src\\controllers\\memberController.ts","statementMap":{"0":{"start":{"line":3,"column":0},"end":{"line":3,"column":43}},"1":{"start":{"line":48,"column":4},"end":{"line":55,"column":6}},"2":{"start":{"line":48,"column":58},"end":{"line":55,"column":6}},"3":{"start":{"line":49,"column":8},"end":{"line":54,"column":9}},"4":{"start":{"line":50,"column":28},"end":{"line":50,"column":50}},"5":{"start":{"line":51,"column":12},"end":{"line":51,"column":92}},"6":{"start":{"line":53,"column":12},"end":{"line":53,"column":96}},"7":{"start":{"line":121,"column":4},"end":{"line":130,"column":6}},"8":{"start":{"line":121,"column":57},"end":{"line":130,"column":6}},"9":{"start":{"line":122,"column":8},"end":{"line":129,"column":9}},"10":{"start":{"line":123,"column":27},"end":{"line":123,"column":56}},"11":{"start":{"line":124,"column":12},"end":{"line":124,"column":88}},"12":{"start":{"line":126,"column":12},"end":{"line":128,"column":15}},"13":{"start":{"line":7,"column":22},"end":{"line":7,"column":68}},"14":{"start":{"line":8,"column":8},"end":{"line":8,"column":42}},"15":{"start":{"line":133,"column":0},"end":{"line":133,"column":38}}},"fnMap":{"0":{"name":"(anonymous_8)","decl":{"start":{"line":5,"column":0},"end":{"line":5,"column":6}},"loc":{"start":{"line":5,"column":0},"end":{"line":131,"column":1}}},"1":{"name":"(anonymous_9)","decl":{"start":{"line":48,"column":20},"end":{"line":48,"column":27}},"loc":{"start":{"line":48,"column":58},"end":{"line":55,"column":6}}},"2":{"name":"(anonymous_10)","decl":{"start":{"line":48,"column":58},"end":{"line":48,"column":null}},"loc":{"start":{"line":48,"column":58},"end":{"line":55,"column":5}}},"3":{"name":"(anonymous_11)","decl":{"start":{"line":121,"column":19},"end":{"line":121,"column":26}},"loc":{"start":{"line":121,"column":57},"end":{"line":130,"column":6}}},"4":{"name":"(anonymous_12)","decl":{"start":{"line":121,"column":57},"end":{"line":121,"column":null}},"loc":{"start":{"line":121,"column":57},"end":{"line":130,"column":5}}},"5":{"name":"(anonymous_13)","decl":{"start":{"line":6,"column":12},"end":{"line":6,"column":26}},"loc":{"start":{"line":6,"column":109},"end":{"line":9,"column":5}}}},"branchMap":{"0":{"loc":{"start":{"line":127,"column":23},"end":{"line":127,"column":79}},"type":"cond-expr","locations":[{"start":{"line":127,"column":48},"end":{"line":127,"column":61}},{"start":{"line":127,"column":64},"end":{"line":127,"column":79}}]},"1":{"loc":{"start":{"line":6,"column":93},"end":{"line":6,"column":109}},"type":"default-arg","locations":[{"start":{"line":6,"column":105},"end":{"line":6,"column":109}}]},"2":{"loc":{"start":{"line":7,"column":49},"end":{"line":7,"column":65}},"type":"binary-expr","locations":[{"start":{"line":7,"column":49},"end":{"line":7,"column":53}},{"start":{"line":7,"column":57},"end":{"line":7,"column":65}}]}},"s":{"0":1,"1":1,"2":2,"3":2,"4":2,"5":2,"6":0,"7":1,"8":0,"9":0,"10":0,"11":0,"12":0,"13":2,"14":2,"15":1},"f":{"0":1,"1":2,"2":2,"3":0,"4":0,"5":2},"b":{"0":[0,0],"1":[0],"2":[2,2]}}
,"C:\\laragon\\www\\eigen-backend-test\\src\\errors\\CustomError.ts": {"path":"C:\\laragon\\www\\eigen-backend-test\\src\\errors\\CustomError.ts","statementMap":{"0":{"start":{"line":6,"column":8},"end":{"line":6,"column":23}},"1":{"start":{"line":7,"column":8},"end":{"line":7,"column":25}},"2":{"start":{"line":8,"column":8},"end":{"line":8,"column":34}},"3":{"start":{"line":2,"column":0},"end":{"line":2,"column":13}}},"fnMap":{"0":{"name":"(anonymous_0)","decl":{"start":{"line":5,"column":4},"end":{"line":5,"column":16}},"loc":{"start":{"line":5,"column":42},"end":{"line":9,"column":5}}}},"branchMap":{},"s":{"0":6,"1":6,"2":6,"3":1},"f":{"0":6},"b":{}}
,"C:\\laragon\\www\\eigen-backend-test\\src\\models\\bookModel.ts": {"path":"C:\\laragon\\www\\eigen-backend-test\\src\\models\\bookModel.ts","statementMap":{"0":{"start":{"line":2,"column":0},"end":{"line":2,"column":45}},"1":{"start":{"line":3,"column":0},"end":{"line":3,"column":43}},"2":{"start":{"line":12,"column":8},"end":{"line":12,"column":64}},"3":{"start":{"line":17,"column":0},"end":{"line":41,"column":2}},"4":{"start":{"line":43,"column":0},"end":{"line":43,"column":20}}},"fnMap":{"0":{"name":"(anonymous_1)","decl":{"start":{"line":11,"column":11},"end":{"line":11,"column":17}},"loc":{"start":{"line":11,"column":39},"end":{"line":13,"column":5}}}},"branchMap":{},"s":{"0":1,"1":1,"2":1,"3":1,"4":1},"f":{"0":1},"b":{}}
,"C:\\laragon\\www\\eigen-backend-test\\src\\models\\borrowModel.ts": {"path":"C:\\laragon\\www\\eigen-backend-test\\src\\models\\borrowModel.ts","statementMap":{"0":{"start":{"line":2,"column":0},"end":{"line":2,"column":45}},"1":{"start":{"line":3,"column":0},"end":{"line":3,"column":43}},"2":{"start":{"line":4,"column":0},"end":{"line":4,"column":35}},"3":{"start":{"line":5,"column":0},"end":{"line":5,"column":31}},"4":{"start":{"line":6,"column":0},"end":{"line":6,"column":52}},"5":{"start":{"line":17,"column":8},"end":{"line":17,"column":84}},"6":{"start":{"line":18,"column":8},"end":{"line":18,"column":78}},"7":{"start":{"line":22,"column":8},"end":{"line":24,"column":9}},"8":{"start":{"line":23,"column":12},"end":{"line":23,"column":81}},"9":{"start":{"line":26,"column":21},"end":{"line":26,"column":70}},"10":{"start":{"line":27,"column":8},"end":{"line":27,"column":87}},"11":{"start":{"line":27,"column":19},"end":{"line":27,"column":87}},"12":{"start":{"line":29,"column":31},"end":{"line":29,"column":106}},"13":{"start":{"line":30,"column":8},"end":{"line":30,"column":96}},"14":{"start":{"line":30,"column":28},"end":{"line":30,"column":96}},"15":{"start":{"line":33,"column":26},"end":{"line":33,"column":75}},"16":{"start":{"line":34,"column":8},"end":{"line":36,"column":9}},"17":{"start":{"line":35,"column":12},"end":{"line":35,"column":85}},"18":{"start":{"line":38,"column":23},"end":{"line":38,"column":76}},"19":{"start":{"line":39,"column":8},"end":{"line":41,"column":9}},"20":{"start":{"line":40,"column":12},"end":{"line":40,"column":101}},"21":{"start":{"line":43,"column":35},"end":{"line":43,"column":98}},"22":{"start":{"line":44,"column":8},"end":{"line":44,"column":101}},"23":{"start":{"line":44,"column":37},"end":{"line":44,"column":101}},"24":{"start":{"line":46,"column":23},"end":{"line":52,"column":10}},"25":{"start":{"line":54,"column":8},"end":{"line":54,"column":53}},"26":{"start":{"line":55,"column":8},"end":{"line":55,"column":22}},"27":{"start":{"line":59,"column":23},"end":{"line":59,"column":98}},"28":{"start":{"line":60,"column":8},"end":{"line":60,"column":95}},"29":{"start":{"line":60,"column":21},"end":{"line":60,"column":95}},"30":{"start":{"line":62,"column":31},"end":{"line":62,"column":115}},"31":{"start":{"line":63,"column":8},"end":{"line":67,"column":9}},"32":{"start":{"line":64,"column":35},"end":{"line":64,"column":45}},"33":{"start":{"line":65,"column":12},"end":{"line":65,"column":65}},"34":{"start":{"line":66,"column":12},"end":{"line":66,"column":97}},"35":{"start":{"line":69,"column":8},"end":{"line":69,"column":39}},"36":{"start":{"line":70,"column":8},"end":{"line":70,"column":35}},"37":{"start":{"line":71,"column":8},"end":{"line":71,"column":28}},"38":{"start":{"line":73,"column":21},"end":{"line":73,"column":70}},"39":{"start":{"line":74,"column":8},"end":{"line":74,"column":63}},"40":{"start":{"line":74,"column":18},"end":{"line":74,"column":63}},"41":{"start":{"line":76,"column":8},"end":{"line":76,"column":61}},"42":{"start":{"line":80,"column":8},"end":{"line":119,"column":9}},"43":{"start":{"line":81,"column":28},"end":{"line":89,"column":14}},"44":{"start":{"line":91,"column":54},"end":{"line":91,"column":56}},"45":{"start":{"line":92,"column":12},"end":{"line":113,"column":15}},"46":{"start":{"line":93,"column":31},"end":{"line":93,"column":61}},"47":{"start":{"line":94,"column":29},"end":{"line":94,"column":55}},"48":{"start":{"line":96,"column":16},"end":{"line":112,"column":17}},"49":{"start":{"line":97,"column":20},"end":{"line":104,"column":21}},"50":{"start":{"line":98,"column":24},"end":{"line":103,"column":26}},"51":{"start":{"line":106,"column":20},"end":{"line":106,"column":67}},"52":{"start":{"line":107,"column":20},"end":{"line":111,"column":23}},"53":{"start":{"line":115,"column":12},"end":{"line":115,"column":44}},"54":{"start":{"line":117,"column":12},"end":{"line":117,"column":62}},"55":{"start":{"line":118,"column":12},"end":{"line":118,"column":87}},"56":{"start":{"line":123,"column":0},"end":{"line":145,"column":2}},"57":{"start":{"line":147,"column":0},"end":{"line":147,"column":22}}},"fnMap":{"0":{"name":"(anonymous_8)","decl":{"start":{"line":16,"column":11},"end":{"line":16,"column":17}},"loc":{"start":{"line":16,"column":39},"end":{"line":19,"column":5}}},"1":{"name":"(anonymous_9)","decl":{"start":{"line":21,"column":4},"end":{"line":21,"column":10}},"loc":{"start":{"line":21,"column":64},"end":{"line":56,"column":null}}},"2":{"name":"(anonymous_11)","decl":{"start":{"line":58,"column":4},"end":{"line":58,"column":10}},"loc":{"start":{"line":58,"column":64},"end":{"line":77,"column":null}}},"3":{"name":"(anonymous_13)","decl":{"start":{"line":79,"column":4},"end":{"line":79,"column":10}},"loc":{"start":{"line":79,"column":30},"end":{"line":120,"column":null}}},"4":{"name":"(anonymous_15)","decl":{"start":{"line":92,"column":28},"end":{"line":92,"column":34}},"loc":{"start":{"line":92,"column":37},"end":{"line":113,"column":13}}}},"branchMap":{"0":{"loc":{"start":{"line":22,"column":8},"end":{"line":24,"column":9}},"type":"if","locations":[{"start":{"line":22,"column":8},"end":{"line":24,"column":9}}]},"1":{"loc":{"start":{"line":22,"column":12},"end":{"line":22,"column":36}},"type":"binary-expr","locations":[{"start":{"line":22,"column":12},"end":{"line":22,"column":23}},{"start":{"line":22,"column":27},"end":{"line":22,"column":36}}]},"2":{"loc":{"start":{"line":27,"column":8},"end":{"line":27,"column":87}},"type":"if","locations":[{"start":{"line":27,"column":8},"end":{"line":27,"column":87}}]},"3":{"loc":{"start":{"line":30,"column":8},"end":{"line":30,"column":96}},"type":"if","locations":[{"start":{"line":30,"column":8},"end":{"line":30,"column":96}}]},"4":{"loc":{"start":{"line":34,"column":8},"end":{"line":36,"column":9}},"type":"if","locations":[{"start":{"line":34,"column":8},"end":{"line":36,"column":9}}]},"5":{"loc":{"start":{"line":34,"column":12},"end":{"line":34,"column":41}},"type":"binary-expr","locations":[{"start":{"line":34,"column":12},"end":{"line":34,"column":22}},{"start":{"line":34,"column":26},"end":{"line":34,"column":41}}]},"6":{"loc":{"start":{"line":39,"column":8},"end":{"line":41,"column":9}},"type":"if","locations":[{"start":{"line":39,"column":8},"end":{"line":41,"column":9}}]},"7":{"loc":{"start":{"line":39,"column":12},"end":{"line":39,"column":76}},"type":"binary-expr","locations":[{"start":{"line":39,"column":12},"end":{"line":39,"column":19}},{"start":{"line":39,"column":24},"end":{"line":39,"column":41}},{"start":{"line":39,"column":45},"end":{"line":39,"column":75}}]},"8":{"loc":{"start":{"line":40,"column":34},"end":{"line":40,"column":91}},"type":"cond-expr","locations":[{"start":{"line":40,"column":43},"end":{"line":40,"column":69}},{"start":{"line":40,"column":72},"end":{"line":40,"column":91}}]},"9":{"loc":{"start":{"line":44,"column":8},"end":{"line":44,"column":101}},"type":"if","locations":[{"start":{"line":44,"column":8},"end":{"line":44,"column":101}}]},"10":{"loc":{"start":{"line":60,"column":8},"end":{"line":60,"column":95}},"type":"if","locations":[{"start":{"line":60,"column":8},"end":{"line":60,"column":95}}]},"11":{"loc":{"start":{"line":63,"column":8},"end":{"line":67,"column":9}},"type":"if","locations":[{"start":{"line":63,"column":8},"end":{"line":67,"column":9}}]},"12":{"loc":{"start":{"line":74,"column":8},"end":{"line":74,"column":63}},"type":"if","locations":[{"start":{"line":74,"column":8},"end":{"line":74,"column":63}}]},"13":{"loc":{"start":{"line":96,"column":16},"end":{"line":112,"column":17}},"type":"if","locations":[{"start":{"line":96,"column":16},"end":{"line":112,"column":17}}]},"14":{"loc":{"start":{"line":96,"column":20},"end":{"line":96,"column":34}},"type":"binary-expr","locations":[{"start":{"line":96,"column":20},"end":{"line":96,"column":26}},{"start":{"line":96,"column":30},"end":{"line":96,"column":34}}]},"15":{"loc":{"start":{"line":97,"column":20},"end":{"line":104,"column":21}},"type":"if","locations":[{"start":{"line":97,"column":20},"end":{"line":104,"column":21}}]}},"s":{"0":1,"1":1,"2":1,"3":1,"4":1,"5":1,"6":1,"7":8,"8":0,"9":8,"10":8,"11":0,"12":8,"13":8,"14":0,"15":8,"16":8,"17":2,"18":6,"19":6,"20":2,"21":4,"22":4,"23":1,"24":3,"25":3,"26":3,"27":3,"28":3,"29":1,"30":2,"31":2,"32":1,"33":1,"34":1,"35":2,"36":2,"37":2,"38":2,"39":2,"40":2,"41":2,"42":3,"43":3,"44":3,"45":3,"46":2,"47":2,"48":2,"49":2,"50":2,"51":2,"52":2,"53":3,"54":0,"55":0,"56":1,"57":1},"f":{"0":1,"1":8,"2":3,"3":3,"4":2},"b":{"0":[0],"1":[8,8],"2":[0],"3":[0],"4":[2],"5":[8,8],"6":[2],"7":[6,6,2],"8":[2,0],"9":[1],"10":[1],"11":[1],"12":[2],"13":[2],"14":[2,2],"15":[2]}}
,"C:\\laragon\\www\\eigen-backend-test\\src\\models\\index.ts": {"path":"C:\\laragon\\www\\eigen-backend-test\\src\\models\\index.ts","statementMap":{"0":{"start":{"line":1,"column":0},"end":{"line":1,"column":7}},"1":{"start":{"line":12,"column":9},"end":{"line":1,"column":43}},"2":{"start":{"line":2,"column":0},"end":{"line":2,"column":7}},"3":{"start":{"line":12,"column":20},"end":{"line":2,"column":35}},"4":{"start":{"line":3,"column":0},"end":{"line":3,"column":7}},"5":{"start":{"line":12,"column":28},"end":{"line":3,"column":31}},"6":{"start":{"line":4,"column":0},"end":{"line":4,"column":7}},"7":{"start":{"line":12,"column":34},"end":{"line":4,"column":35}},"8":{"start":{"line":7,"column":0},"end":{"line":7,"column":29}},"9":{"start":{"line":8,"column":0},"end":{"line":8,"column":27}},"10":{"start":{"line":9,"column":0},"end":{"line":9,"column":35}}},"fnMap":{},"branchMap":{},"s":{"0":1,"1":1,"2":1,"3":1,"4":1,"5":1,"6":1,"7":1,"8":1,"9":1,"10":1},"f":{},"b":{}}
,"C:\\laragon\\www\\eigen-backend-test\\src\\models\\memberModel.ts": {"path":"C:\\laragon\\www\\eigen-backend-test\\src\\models\\memberModel.ts","statementMap":{"0":{"start":{"line":2,"column":0},"end":{"line":2,"column":45}},"1":{"start":{"line":3,"column":0},"end":{"line":3,"column":43}},"2":{"start":{"line":11,"column":8},"end":{"line":11,"column":68}},"3":{"start":{"line":16,"column":0},"end":{"line":36,"column":2}},"4":{"start":{"line":38,"column":0},"end":{"line":38,"column":22}}},"fnMap":{"0":{"name":"(anonymous_1)","decl":{"start":{"line":10,"column":11},"end":{"line":10,"column":17}},"loc":{"start":{"line":10,"column":39},"end":{"line":12,"column":5}}}},"branchMap":{},"s":{"0":1,"1":1,"2":1,"3":1,"4":1},"f":{"0":1},"b":{}}
,"C:\\laragon\\www\\eigen-backend-test\\src\\routes\\index.ts": {"path":"C:\\laragon\\www\\eigen-backend-test\\src\\routes\\index.ts","statementMap":{"0":{"start":{"line":2,"column":0},"end":{"line":2,"column":33}},"1":{"start":{"line":3,"column":0},"end":{"line":3,"column":63}},"2":{"start":{"line":4,"column":0},"end":{"line":4,"column":59}},"3":{"start":{"line":5,"column":0},"end":{"line":5,"column":63}},"4":{"start":{"line":7,"column":15},"end":{"line":7,"column":23}},"5":{"start":{"line":10,"column":0},"end":{"line":12,"column":39}},"6":{"start":{"line":13,"column":0},"end":{"line":13,"column":60}},"7":{"start":{"line":16,"column":0},"end":{"line":18,"column":37}},"8":{"start":{"line":21,"column":0},"end":{"line":23,"column":41}},"9":{"start":{"line":25,"column":0},"end":{"line":25,"column":22}}},"fnMap":{},"branchMap":{},"s":{"0":1,"1":1,"2":1,"3":1,"4":1,"5":1,"6":1,"7":1,"8":1,"9":1},"f":{},"b":{}}
}
