TN:
SF:src\app.ts
FN:14,(anonymous_1)
FN:16,(anonymous_2)
FN:17,(anonymous_3)
FN:21,(anonymous_4)
FNF:4
FNH:0
FNDA:0,(anonymous_1)
FNDA:0,(anonymous_2)
FNDA:0,(anonymous_3)
FNDA:0,(anonymous_4)
DA:2,1
DA:3,1
DA:4,1
DA:5,1
DA:7,1
DA:8,1
DA:10,1
DA:11,1
DA:14,1
DA:15,0
DA:17,0
DA:18,0
DA:22,0
DA:27,1
LF:14
LH:10
BRDA:8,0,0,1
BRDA:8,0,1,1
BRF:2
BRH:2
end_of_record
TN:
SF:src\config\database.ts
FNF:0
FNH:0
DA:2,1
DA:4,1
DA:9,1
LF:3
LH:3
BRF:0
BRH:0
end_of_record
TN:
SF:src\controllers\bookController.ts
FN:5,(anonymous_8)
FN:11,(anonymous_9)
FN:11,(anonymous_10)
FN:14,(anonymous_11)
FN:21,(anonymous_12)
FN:21,(anonymous_13)
FN:6,(anonymous_14)
FNF:7
FNH:5
FNDA:1,(anonymous_8)
FNDA:1,(anonymous_9)
FNDA:1,(anonymous_10)
FNDA:5,(anonymous_11)
FNDA:0,(anonymous_12)
FNDA:0,(anonymous_13)
FNDA:1,(anonymous_14)
DA:3,1
DA:7,1
DA:8,1
DA:11,1
DA:12,1
DA:13,1
DA:14,5
DA:15,1
DA:17,0
DA:21,1
DA:22,0
DA:23,0
DA:24,0
DA:26,0
DA:31,1
LF:15
LH:10
BRDA:26,0,0,0
BRDA:26,0,1,0
BRDA:6,1,0,0
BRDA:6,2,0,0
BRDA:7,3,0,1
BRDA:7,3,1,1
BRDA:7,4,0,1
BRDA:7,4,1,1
BRF:8
BRH:4
end_of_record
TN:
SF:src\controllers\borrowController.ts
FN:6,(anonymous_8)
FN:19,(anonymous_9)
FN:19,(anonymous_10)
FN:28,(anonymous_11)
FN:28,(anonymous_12)
FN:38,(anonymous_13)
FN:38,(anonymous_14)
FN:7,(anonymous_15)
FN:11,(anonymous_16)
FNF:9
FNH:9
FNDA:1,(anonymous_8)
FNDA:3,(anonymous_9)
FNDA:3,(anonymous_10)
FNDA:8,(anonymous_11)
FNDA:8,(anonymous_12)
FNDA:3,(anonymous_13)
FNDA:3,(anonymous_14)
FNDA:14,(anonymous_15)
FNDA:6,(anonymous_16)
DA:3,1
DA:4,1
DA:8,14
DA:12,6
DA:13,6
DA:15,0
DA:19,3
DA:20,3
DA:21,3
DA:22,3
DA:24,0
DA:28,8
DA:29,8
DA:30,8
DA:31,8
DA:32,3
DA:34,5
DA:38,3
DA:39,3
DA:40,3
DA:41,3
DA:42,2
DA:44,1
DA:49,1
LF:24
LH:22
BRDA:7,0,0,0
BRDA:8,1,0,14
BRDA:8,1,1,10
BRDA:12,2,0,6
BRDA:12,2,1,0
BRDA:13,3,0,6
BRDA:13,3,1,4
BRF:7
BRH:5
end_of_record
TN:
SF:src\controllers\memberController.ts
FN:5,(anonymous_8)
FN:11,(anonymous_9)
FN:11,(anonymous_10)
FN:20,(anonymous_11)
FN:20,(anonymous_12)
FN:6,(anonymous_13)
FNF:6
FNH:4
FNDA:1,(anonymous_8)
FNDA:2,(anonymous_9)
FNDA:2,(anonymous_10)
FNDA:0,(anonymous_11)
FNDA:0,(anonymous_12)
FNDA:2,(anonymous_13)
DA:3,1
DA:7,2
DA:8,2
DA:11,2
DA:12,2
DA:13,2
DA:14,2
DA:16,0
DA:20,1
DA:21,0
DA:22,0
DA:23,0
DA:25,0
DA:32,1
LF:14
LH:9
BRDA:26,0,0,0
BRDA:26,0,1,0
BRDA:6,1,0,0
BRDA:7,2,0,2
BRDA:7,2,1,2
BRF:5
BRH:2
end_of_record
TN:
SF:src\errors\CustomError.ts
FN:5,(anonymous_0)
FNF:1
FNH:1
FNDA:6,(anonymous_0)
DA:2,1
DA:6,6
DA:7,6
DA:8,6
LF:4
LH:4
BRF:0
BRH:0
end_of_record
TN:
SF:src\models\bookModel.ts
FN:11,(anonymous_1)
FNF:1
FNH:1
FNDA:1,(anonymous_1)
DA:2,1
DA:3,1
DA:12,1
DA:17,1
DA:43,1
LF:5
LH:5
BRF:0
BRH:0
end_of_record
TN:
SF:src\models\borrowModel.ts
FN:16,(anonymous_8)
FN:21,(anonymous_9)
FN:58,(anonymous_11)
FN:79,(anonymous_13)
FN:92,(anonymous_15)
FNF:5
FNH:5
FNDA:1,(anonymous_8)
FNDA:8,(anonymous_9)
FNDA:3,(anonymous_11)
FNDA:3,(anonymous_13)
FNDA:2,(anonymous_15)
DA:2,1
DA:3,1
DA:4,1
DA:5,1
DA:6,1
DA:17,1
DA:18,1
DA:22,8
DA:23,0
DA:26,8
DA:27,8
DA:29,8
DA:30,8
DA:33,8
DA:34,8
DA:35,2
DA:38,6
DA:39,6
DA:40,2
DA:43,4
DA:44,4
DA:46,3
DA:54,3
DA:55,3
DA:59,3
DA:60,3
DA:62,2
DA:63,2
DA:64,1
DA:65,1
DA:66,1
DA:69,2
DA:70,2
DA:71,2
DA:73,2
DA:74,2
DA:76,2
DA:80,3
DA:81,3
DA:91,3
DA:92,3
DA:93,2
DA:94,2
DA:96,2
DA:97,2
DA:98,2
DA:106,2
DA:107,2
DA:115,3
DA:117,0
DA:118,0
DA:123,1
DA:147,1
LF:53
LH:50
BRDA:22,0,0,0
BRDA:22,1,0,8
BRDA:22,1,1,8
BRDA:27,2,0,0
BRDA:30,3,0,0
BRDA:34,4,0,2
BRDA:34,5,0,8
BRDA:34,5,1,8
BRDA:39,6,0,2
BRDA:39,7,0,6
BRDA:39,7,1,6
BRDA:39,7,2,2
BRDA:40,8,0,2
BRDA:40,8,1,0
BRDA:44,9,0,1
BRDA:60,10,0,1
BRDA:63,11,0,1
BRDA:74,12,0,2
BRDA:96,13,0,2
BRDA:96,14,0,2
BRDA:96,14,1,2
BRDA:97,15,0,2
BRF:22
BRH:18
end_of_record
TN:
SF:src\models\index.ts
FNF:0
FNH:0
DA:1,1
DA:2,1
DA:3,1
DA:4,1
DA:7,1
DA:8,1
DA:9,1
DA:12,1
LF:8
LH:8
BRF:0
BRH:0
end_of_record
TN:
SF:src\models\memberModel.ts
FN:10,(anonymous_1)
FNF:1
FNH:1
FNDA:1,(anonymous_1)
DA:2,1
DA:3,1
DA:11,1
DA:16,1
DA:38,1
LF:5
LH:5
BRF:0
BRH:0
end_of_record
TN:
SF:src\routes\index.ts
FNF:0
FNH:0
DA:2,1
DA:3,1
DA:4,1
DA:5,1
DA:7,1
DA:10,1
DA:14,1
DA:17,1
DA:20,1
DA:22,1
LF:10
LH:10
BRF:0
BRH:0
end_of_record
